

*******************************************************************************
Fri Oct 11 01:21:52 2013


FIT:    data read from 'rez_upr_1' using 1:2
        format = x:z
        #datapoints = 6
        residuals are weighted equally (unit weight)

function used for fitting: f(x)
fitted parameters initialized with current variable values



 Iteration 0
 WSSR        : 19403             delta(WSSR)/WSSR   : 0
 delta(WSSR) : 0                 limit for stopping : 1e-05
 lambda	  : 0.866025

initial set of free parameter values

a               = 1
b               = 1

After 3 iterations the fit converged.
final sum of squares of residuals : 793.333
rel. change during last iteration : -2.60685e-06

degrees of freedom    (FIT_NDF)                        : 4
rms of residuals      (FIT_STDFIT) = sqrt(WSSR/ndf)    : 14.0831
variance of residuals (reduced chisquare) = WSSR/ndf   : 198.333

Final set of parameters            Asymptotic Standard Error
=======================            ==========================

a               = 40               +/- 11.5         (28.75%)
b               = 33.6667          +/- 8.131        (24.15%)


correlation matrix of the fit parameters:

               a      b      
a               1.000 
b              -0.707  1.000 


*******************************************************************************
Fri Oct 11 01:32:16 2013


FIT:    data read from 'rez_upr_1' using 1:2
        format = x:z
        #datapoints = 6
        residuals are weighted equally (unit weight)

function used for fitting: f(x)
fitted parameters initialized with current variable values



 Iteration 0
 WSSR        : 19378.8           delta(WSSR)/WSSR   : 0
 delta(WSSR) : 0                 limit for stopping : 1e-05
 lambda	  : 1.12537

initial set of free parameter values

a               = 1
b               = 1

After 4 iterations the fit converged.
final sum of squares of residuals : 585.01
rel. change during last iteration : -2.96124e-10

degrees of freedom    (FIT_NDF)                        : 4
rms of residuals      (FIT_STDFIT) = sqrt(WSSR/ndf)    : 12.0935
variance of residuals (reduced chisquare) = WSSR/ndf   : 146.253

Final set of parameters            Asymptotic Standard Error
=======================            ==========================

a               = 60.2479          +/- 14.3         (23.74%)
b               = -17.3507         +/- 17.71        (102%)


correlation matrix of the fit parameters:

               a      b      
a               1.000 
b              -0.960  1.000 


*******************************************************************************
Fri Oct 11 01:33:41 2013


FIT:    data read from 'rez_upr_1' using 1:2
        format = x:z
        #datapoints = 6
        residuals are weighted equally (unit weight)

function used for fitting: f(x)
fitted parameters initialized with current variable values



 Iteration 0
 WSSR        : 585.01            delta(WSSR)/WSSR   : 0
 delta(WSSR) : 0                 limit for stopping : 1e-05
 lambda	  : 1.12537

initial set of free parameter values

a               = 60.2479
b               = -17.3507

After 1 iterations the fit converged.
final sum of squares of residuals : 585.01
rel. change during last iteration : -3.88666e-16

degrees of freedom    (FIT_NDF)                        : 4
rms of residuals      (FIT_STDFIT) = sqrt(WSSR/ndf)    : 12.0935
variance of residuals (reduced chisquare) = WSSR/ndf   : 146.253

Final set of parameters            Asymptotic Standard Error
=======================            ==========================

a               = 60.2479          +/- 14.3         (23.74%)
b               = -17.3507         +/- 17.71        (102%)


correlation matrix of the fit parameters:

               a      b      
a               1.000 
b              -0.960  1.000 


*******************************************************************************
Fri Oct 11 01:33:44 2013


FIT:    data read from 'rez_upr_1' using 1:2
        format = x:z
        #datapoints = 6
        residuals are weighted equally (unit weight)

function used for fitting: f(x)
fitted parameters initialized with current variable values



 Iteration 0
 WSSR        : 585.01            delta(WSSR)/WSSR   : 0
 delta(WSSR) : 0                 limit for stopping : 1e-05
 lambda	  : 1.12537

initial set of free parameter values

a               = 60.2479
b               = -17.3507

After 1 iterations the fit converged.
final sum of squares of residuals : 585.01
rel. change during last iteration : 0

degrees of freedom    (FIT_NDF)                        : 4
rms of residuals      (FIT_STDFIT) = sqrt(WSSR/ndf)    : 12.0935
variance of residuals (reduced chisquare) = WSSR/ndf   : 146.253

Final set of parameters            Asymptotic Standard Error
=======================            ==========================

a               = 60.2479          +/- 14.3         (23.74%)
b               = -17.3507         +/- 17.71        (102%)


correlation matrix of the fit parameters:

               a      b      
a               1.000 
b              -0.960  1.000 
