

*******************************************************************************
Fri May 30 01:54:37 2014


FIT:    data read from "data"
        format = z
        #datapoints = 11
        residuals are weighted equally (unit weight)

function used for fitting: f(x)
fitted parameters initialized with current variable values



 Iteration 0
 WSSR        : 1700.35           delta(WSSR)/WSSR   : 0
 delta(WSSR) : 0                 limit for stopping : 1e-05
 lambda	  : 8.29841

initial set of free parameter values

a               = 1
b               = 1

After 5 iterations the fit converged.
final sum of squares of residuals : 0.000467847
rel. change during last iteration : -1.89218e-13

degrees of freedom    (FIT_NDF)                        : 9
rms of residuals      (FIT_STDFIT) = sqrt(WSSR/ndf)    : 0.00720993
variance of residuals (reduced chisquare) = WSSR/ndf   : 5.1983e-05

Final set of parameters            Asymptotic Standard Error
=======================            ==========================

a               = 0.00195309       +/- 0.0003282    (16.81%)
b               = 0.087543         +/- 0.003838     (4.384%)


correlation matrix of the fit parameters:

               a      b      
a               1.000 
b              -0.824  1.000 
