

*******************************************************************************
Fri May 16 10:17:29 2014


FIT:    data read from "2"
        format = z
        #datapoints = 8
        residuals are weighted equally (unit weight)

function used for fitting: f(x)


*******************************************************************************
Fri May 16 10:17:38 2014


FIT:    data read from "2"
        format = z
        #datapoints = 8
        residuals are weighted equally (unit weight)

function used for fitting: f(x)
fitted parameters initialized with current variable values



 Iteration 0
 WSSR        : 321.372           delta(WSSR)/WSSR   : 0
 delta(WSSR) : 0                 limit for stopping : 1e-05
 lambda	  : 7.17635

initial set of free parameter values

a               = 1
b               = 1

After 5 iterations the fit converged.
final sum of squares of residuals : 0.0977119
rel. change during last iteration : -1.22144e-14

degrees of freedom    (FIT_NDF)                        : 6
rms of residuals      (FIT_STDFIT) = sqrt(WSSR/ndf)    : 0.127614
variance of residuals (reduced chisquare) = WSSR/ndf   : 0.0162853

Final set of parameters            Asymptotic Standard Error
=======================            ==========================

a               = 0.487024         +/- 0.009846     (2.022%)
b               = -0.268214        +/- 0.09944      (37.07%)


correlation matrix of the fit parameters:

               a      b      
a               1.000 
b              -0.891  1.000 


*******************************************************************************
Fri May 16 10:19:55 2014


FIT:    data read from "4"
        format = z
        #datapoints = 10
        residuals are weighted equally (unit weight)

function used for fitting: f(x)
fitted parameters initialized with current variable values



 Iteration 0
 WSSR        : 2181.63           delta(WSSR)/WSSR   : 0
 delta(WSSR) : 0                 limit for stopping : 1e-05
 lambda	  : 29.8404

initial set of free parameter values

a               = 0.487024
b               = -0.268214

After 5 iterations the fit converged.
final sum of squares of residuals : 3.51595
rel. change during last iteration : -1.88635e-10

degrees of freedom    (FIT_NDF)                        : 8
rms of residuals      (FIT_STDFIT) = sqrt(WSSR/ndf)    : 0.662943
variance of residuals (reduced chisquare) = WSSR/ndf   : 0.439494

Final set of parameters            Asymptotic Standard Error
=======================            ==========================

a               = 0.109168         +/- 0.01063      (9.741%)
b               = 1.08502          +/- 0.4487       (41.35%)


correlation matrix of the fit parameters:

               a      b      
a               1.000 
b              -0.884  1.000 


*******************************************************************************
Fri May 16 10:22:33 2014


FIT:    data read from "2"
        format = z
        #datapoints = 8
        residuals are weighted equally (unit weight)

function used for fitting: f(x)
fitted parameters initialized with current variable values



 Iteration 0
 WSSR        : 57.6207           delta(WSSR)/WSSR   : 0
 delta(WSSR) : 0                 limit for stopping : 1e-05
 lambda	  : 7.17635

initial set of free parameter values

a               = 0.109168
b               = 1.08502

After 5 iterations the fit converged.
final sum of squares of residuals : 0.0977119
rel. change during last iteration : -1.84636e-14

degrees of freedom    (FIT_NDF)                        : 6
rms of residuals      (FIT_STDFIT) = sqrt(WSSR/ndf)    : 0.127614
variance of residuals (reduced chisquare) = WSSR/ndf   : 0.0162853

Final set of parameters            Asymptotic Standard Error
=======================            ==========================

a               = 0.487024         +/- 0.009846     (2.022%)
b               = -0.268214        +/- 0.09944      (37.07%)


correlation matrix of the fit parameters:

               a      b      
a               1.000 
b              -0.891  1.000 


*******************************************************************************
Fri May 16 10:23:53 2014


FIT:    data read from "5"
        format = z
        #datapoints = 10
        residuals are weighted equally (unit weight)

function used for fitting: f(x)
fitted parameters initialized with current variable values



 Iteration 0
 WSSR        : 195.372           delta(WSSR)/WSSR   : 0
 delta(WSSR) : 0                 limit for stopping : 1e-05
 lambda	  : 2.24522

initial set of free parameter values

a               = 0.487024
b               = -0.268214

After 4 iterations the fit converged.
final sum of squares of residuals : 3.50119
rel. change during last iteration : -1.09904e-11

degrees of freedom    (FIT_NDF)                        : 8
rms of residuals      (FIT_STDFIT) = sqrt(WSSR/ndf)    : 0.66155
variance of residuals (reduced chisquare) = WSSR/ndf   : 0.437648

Final set of parameters            Asymptotic Standard Error
=======================            ==========================

a               = 1.52972          +/- 0.1487       (9.719%)
b               = 1.0803           +/- 0.4481       (41.48%)


correlation matrix of the fit parameters:

               a      b      
a               1.000 
b              -0.884  1.000 


*******************************************************************************
Fri May 16 10:30:06 2014


FIT:    data read from "5"
        format = z
        #datapoints = 10
        residuals are weighted equally (unit weight)

function used for fitting: f(x)
fitted parameters initialized with current variable values



 Iteration 0
 WSSR        : 3.50119           delta(WSSR)/WSSR   : 0
 delta(WSSR) : 0                 limit for stopping : 1e-05
 lambda	  : 2.24522

initial set of free parameter values

a               = 1.52972
b               = 1.0803

The maximum lambda = 1.000000e+20 was exceeded. Fit stopped.
final sum of squares of residuals : 3.50119
rel. change during last iteration : 0

degrees of freedom    (FIT_NDF)                        : 8
rms of residuals      (FIT_STDFIT) = sqrt(WSSR/ndf)    : 0.66155
variance of residuals (reduced chisquare) = WSSR/ndf   : 0.437648

Final set of parameters            Asymptotic Standard Error
=======================            ==========================

a               = 1.52972          +/- 0.1487       (9.719%)
b               = 1.0803           +/- 0.4481       (41.48%)


correlation matrix of the fit parameters:

               a      b      
a               1.000 
b              -0.884  1.000 
